# JRE version: Java(TM) SE Runtime Environment (16.0.1+9) (build 16.0.1+9-24)
# Java VM: Java HotSpot(TM) 64-Bit Server VM (16.0.1+9-24, mixed mode, sharing, tiered, compressed oops, compressed class ptrs, g1 gc, windows-amd64)
GC Precious Log:
 CPUs: 2 total, 2 available
 Memory: 3460M
 Large Page Support: Disabled
 NUMA Support: Disabled
 Compressed Oops: Enabled (32-bit)
 Heap Region Size: 1M
 Heap Min Capacity: 8M
 Heap Initial Capacity: 56M
 Heap Max Capacity: 866M
 Pre-touch: Disabled
 Parallel Workers: 2
 Concurrent Workers: 1
 Concurrent Refinement Workers: 2
 Periodic GC: Disabled
Heap:
 garbage-first heap   total 53248K, used 29242K [0x00000000c9e00000, 0x0000000100000000)
  region size 1024K, 2 young (2048K), 1 survivors (1024K)
 Metaspace       used 67379K, committed 67840K, reserved 1114112K
  class space    used 8489K, committed 8704K, reserved 1048576K
GC Heap History (20 events):
Event: 682.176 GC heap before
{Heap before GC invocations=49 (full 0):
 garbage-first heap   total 53248K, used 44615K [0x00000000c9e00000, 0x0000000100000000)
  region size 1024K, 16 young (16384K), 1 survivors (1024K)
 Metaspace       used 67338K, committed 67776K, reserved 1114112K
  class space    used 8489K, committed 8704K, reserved 1048576K
}
Event: 682.179 GC heap after
{Heap after GC invocations=50 (full 0):
 garbage-first heap   total 53248K, used 29154K [0x00000000c9e00000, 0x0000000100000000)
  region size 1024K, 1 young (1024K), 1 survivors (1024K)
 Metaspace       used 67338K, committed 67776K, reserved 1114112K
  class space    used 8489K, committed 8704K, reserved 1048576K
}
Event: 683.476 GC heap before
{Heap before GC invocations=51 (full 0):
 garbage-first heap   total 53248K, used 44514K [0x00000000c9e00000, 0x0000000100000000)
  region size 1024K, 16 young (16384K), 1 survivors (1024K)
 Metaspace       used 67358K, committed 67840K, reserved 1114112K
  class space    used 8489K, committed 8704K, reserved 1048576K
}
Event: 683.479 GC heap after
{Heap after GC invocations=52 (full 0):
 garbage-first heap   total 53248K, used 29153K [0x00000000c9e00000, 0x0000000100000000)
  region size 1024K, 1 young (1024K), 1 survivors (1024K)
 Metaspace       used 67358K, committed 67840K, reserved 1114112K
  class space    used 8489K, committed 8704K, reserved 1048576K
}
Event: 685.185 GC heap before
{Heap before GC invocations=52 (full 0):
 garbage-first heap   total 53248K, used 44513K [0x00000000c9e00000, 0x0000000100000000)
  region size 1024K, 16 young (16384K), 1 survivors (1024K)
 Metaspace       used 67360K, committed 67840K, reserved 1114112K
  class space    used 8489K, committed 8704K, reserved 1048576K
}
Event: 685.189 GC heap after
{Heap after GC invocations=53 (full 0):
 garbage-first heap   total 53248K, used 29212K [0x00000000c9e00000, 0x0000000100000000)
  region size 1024K, 1 young (1024K), 1 survivors (1024K)
 Metaspace       used 67360K, committed 67840K, reserved 1114112K
  class space    used 8489K, committed 8704K, reserved 1048576K
}
Event: 686.310 GC heap before
{Heap before GC invocations=54 (full 0):
 garbage-first heap   total 53248K, used 44572K [0x00000000c9e00000, 0x0000000100000000)
  region size 1024K, 16 young (16384K), 1 survivors (1024K)
 Metaspace       used 67360K, committed 67840K, reserved 1114112K
  class space    used 8489K, committed 8704K, reserved 1048576K
}
Event: 686.313 GC heap after
{Heap after GC invocations=55 (full 0):
 garbage-first heap   total 53248K, used 29183K [0x00000000c9e00000, 0x0000000100000000)
  region size 1024K, 1 young (1024K), 1 survivors (1024K)
 Metaspace       used 67360K, committed 67840K, reserved 1114112K
  class space    used 8489K, committed 8704K, reserved 1048576K
}
Event: 687.903 GC heap before
{Heap before GC invocations=55 (full 0):
 garbage-first heap   total 53248K, used 44543K [0x00000000c9e00000, 0x0000000100000000)
  region size 1024K, 16 young (16384K), 1 survivors (1024K)
 Metaspace       used 67363K, committed 67840K, reserved 1114112K
  class space    used 8489K, committed 8704K, reserved 1048576K
}
Event: 687.907 GC heap after
{Heap after GC invocations=56 (full 0):
 garbage-first heap   total 53248K, used 29214K [0x00000000c9e00000, 0x0000000100000000)
  region size 1024K, 1 young (1024K), 1 survivors (1024K)
 Metaspace       used 67363K, committed 67840K, reserved 1114112K
  class space    used 8489K, committed 8704K, reserved 1048576K
}
Event: 691.175 GC heap before
{Heap before GC invocations=57 (full 0):
 garbage-first heap   total 53248K, used 44574K [0x00000000c9e00000, 0x0000000100000000)
  region size 1024K, 16 young (16384K), 1 survivors (1024K)
 Metaspace       used 67373K, committed 67840K, reserved 1114112K
  class space    used 8489K, committed 8704K, reserved 1048576K
}
Event: 691.180 GC heap after
{Heap after GC invocations=58 (full 0):
 garbage-first heap   total 53248K, used 29225K [0x00000000c9e00000, 0x0000000100000000)
  region size 1024K, 1 young (1024K), 1 survivors (1024K)
 Metaspace       used 67373K, committed 67840K, reserved 1114112K
  class space    used 8489K, committed 8704K, reserved 1048576K
}
Event: 697.330 GC heap before
{Heap before GC invocations=58 (full 0):
 garbage-first heap   total 53248K, used 44585K [0x00000000c9e00000, 0x0000000100000000)
  region size 1024K, 16 young (16384K), 1 survivors (1024K)
 Metaspace       used 67375K, committed 67840K, reserved 1114112K
  class space    used 8489K, committed 8704K, reserved 1048576K
}
Event: 697.334 GC heap after
{Heap after GC invocations=59 (full 0):
 garbage-first heap   total 53248K, used 29235K [0x00000000c9e00000, 0x0000000100000000)
  region size 1024K, 1 young (1024K), 1 survivors (1024K)
 Metaspace       used 67375K, committed 67840K, reserved 1114112K
  class space    used 8489K, committed 8704K, reserved 1048576K
}
Event: 700.358 GC heap before
{Heap before GC invocations=60 (full 0):
 garbage-first heap   total 53248K, used 44595K [0x00000000c9e00000, 0x0000000100000000)
  region size 1024K, 16 young (16384K), 1 survivors (1024K)
 Metaspace       used 67375K, committed 67840K, reserved 1114112K
  class space    used 8489K, committed 8704K, reserved 1048576K
}
Event: 700.362 GC heap after
{Heap after GC invocations=61 (full 0):
 garbage-first heap   total 53248K, used 29194K [0x00000000c9e00000, 0x0000000100000000)
  region size 1024K, 1 young (1024K), 1 survivors (1024K)
 Metaspace       used 67375K, committed 67840K, reserved 1114112K
  class space    used 8489K, committed 8704K, reserved 1048576K
}
Event: 702.321 GC heap before
{Heap before GC invocations=61 (full 0):
 garbage-first heap   total 53248K, used 44554K [0x00000000c9e00000, 0x0000000100000000)
  region size 1024K, 16 young (16384K), 1 survivors (1024K)
 Metaspace       used 67375K, committed 67840K, reserved 1114112K
  class space    used 8489K, committed 8704K, reserved 1048576K
}
Event: 702.387 GC heap after
{Heap after GC invocations=62 (full 0):
 garbage-first heap   total 53248K, used 29221K [0x00000000c9e00000, 0x0000000100000000)
  region size 1024K, 1 young (1024K), 1 survivors (1024K)
 Metaspace       used 67375K, committed 67840K, reserved 1114112K
  class space    used 8489K, committed 8704K, reserved 1048576K
}
Event: 713.659 GC heap before
{Heap before GC invocations=63 (full 0):
 garbage-first heap   total 53248K, used 44581K [0x00000000c9e00000, 0x0000000100000000)
  region size 1024K, 16 young (16384K), 1 survivors (1024K)
 Metaspace       used 67379K, committed 67840K, reserved 1114112K
  class space    used 8489K, committed 8704K, reserved 1048576K
}
Event: 713.705 GC heap after
{Heap after GC invocations=64 (full 0):
 garbage-first heap   total 53248K, used 29242K [0x00000000c9e00000, 0x0000000100000000)
  region size 1024K, 1 young (1024K), 1 survivors (1024K)
 Metaspace       used 67379K, committed 67840K, reserved 1114112K
  class space    used 8489K, committed 8704K, reserved 1048576K
}

